[INFO]::At::Thu Aug 22 18:13:06 2019::Text::Main::Initiate carving plugin log.
[INFO]::At::Thu Aug 22 18:13:06 2019::Text::Main::Request to load module(s).
[INFO]::At::Thu Aug 22 18:13:06 2019::Text::Loader::Start to module load...
[INFO]::At::Thu Aug 22 18:13:06 2019::Text::Loader::[module_config] Read module list from .\config.txt.
[INFO]::At::Thu Aug 22 18:13:06 2019::Text::Loader::loading module result [ 1] name [module_alz      ]
[INFO]::At::Thu Aug 22 18:13:06 2019::Text::Loader::loading module result [ 1] name [module_avi      ]
[INFO]::At::Thu Aug 22 18:13:06 2019::Text::Loader::loading module result [ 1] name [module_bmp      ]
[INFO]::At::Thu Aug 22 18:13:06 2019::Text::Loader::loading module result [ 1] name [module_compound ]
[INFO]::At::Thu Aug 22 18:13:06 2019::Text::Loader::loading module result [ 1] name [module_dbx      ]
[INFO]::At::Thu Aug 22 18:13:06 2019::Text::Loader::loading module result [ 1] name [module_eml      ]
[INFO]::At::Thu Aug 22 18:13:06 2019::Text::Loader::loading module result [ 1] name [module_exif     ]
[INFO]::At::Thu Aug 22 18:13:06 2019::Text::Loader::loading module result [ 1] name [module_gif      ]
[INFO]::At::Thu Aug 22 18:13:06 2019::Text::Loader::loading module result [ 1] name [module_hwp      ]
[INFO]::At::Thu Aug 22 18:13:06 2019::Text::Loader::loading module result [ 1] name [module_jfif     ]
[INFO]::At::Thu Aug 22 18:13:06 2019::Text::Loader::loading module result [ 1] name [module_pdf      ]
[INFO]::At::Thu Aug 22 18:13:06 2019::Text::Loader::loading module result [ 1] name [module_png      ]
[INFO]::At::Thu Aug 22 18:13:06 2019::Text::Loader::loading module result [ 1] name [module_pst      ]
[INFO]::At::Thu Aug 22 18:13:06 2019::Text::Loader::loading module result [ 1] name [module_wav      ]
[INFO]::At::Thu Aug 22 18:13:06 2019::Text::Loader::loading module result [ 1] name [module_zip      ]
[INFO]::At::Thu Aug 22 18:13:06 2019::Text::Loader::loading module result [ 1] name [module_evt      ]
[INFO]::At::Thu Aug 22 18:13:06 2019::Text::Loader::loading module result [ 1] name [module_idx      ]
[INFO]::At::Thu Aug 22 18:13:06 2019::Text::Loader::loading module result [ 1] name [module_lnk      ]
[INFO]::At::Thu Aug 22 18:13:06 2019::Text::Loader::loading module result [ 1] name [module_mft      ]
[INFO]::At::Thu Aug 22 18:13:06 2019::Text::Loader::loading module result [ 1] name [module_pe       ]
[INFO]::At::Thu Aug 22 18:13:06 2019::Text::Loader::loading module result [ 1] name [module_pf       ]
[INFO]::At::Thu Aug 22 18:13:06 2019::Text::Loader::loading module result [ 1] name [module_reg      ]
[INFO]::At::Thu Aug 22 18:13:06 2019::Text::Loader::loading module result [ 1] name [module_sql      ]
[INFO]::At::Thu Aug 22 18:13:06 2019::Text::Loader::Completed.
[INFO]::At::Thu Aug 22 18:13:06 2019::Text::Main::Request to connect to master database.
[INFO]::At::Thu Aug 22 18:13:06 2019::Text::Main::Request to set parameters.
[INFO]::At::Thu Aug 22 18:13:06 2019::Text::Main::Request to run carving process.
[INFO]::At::Thu Aug 22 18:13:11 2019::Text::Carving::result:{'pkzip': [93, 0], 'jfif': [10, 9], 'exif': [4, 4], 'pdf': [15, 15], 'compound': [48, 47], 'png': [13, 10], 'pst': [10, 7], 'bmp': [16, 14], 'mp3': [10, 0], 'avi': [19, 18], 'h264': [11, 0], 'MFT': [8, 8], 'aac_1': [10, 0], 'aac_2': [6, 0], 'lnk': [3, 0]}
[INFO]::At::Thu Aug 22 18:13:11 2019::Text::Main::Request to clean up. It would be disconnected with the master database.
[INFO]::At::Thu Aug 22 18:13:11 2019::Text::MAIN::Export cache data to csv:.\.cache\TEST_2\[NTFS]_Carving_Test_Image1.001\[NTFS]_Carving_Test_Image1.001.csv.
[INFO]::At::Thu Aug 22 18:13:11 2019::Text::Main::Request to re-run carving process from stored data.
[INFO]::At::Thu Aug 22 18:13:11 2019::Text::Main::Data loaded from .\.cache\TEST_2\[NTFS]_Carving_Test_Image1.001\[NTFS]_Carving_Test_Image1.001.bin
[INFO]::At::Thu Aug 22 18:13:16 2019::Text::Carving::result:{'pkzip': [93, 0], 'jfif': [10, 9], 'exif': [4, 4], 'pdf': [15, 15], 'compound': [48, 47], 'png': [13, 10], 'pst': [10, 7], 'bmp': [16, 14], 'mp3': [10, 0], 'avi': [19, 18], 'h264': [11, 0], 'MFT': [8, 8], 'aac_1': [10, 0], 'aac_2': [6, 0], 'lnk': [3, 0]}
