[INFO]::At::Tue Aug  6 18:49:51 2019::Text::Main::Initiate carving plugin log.
[INFO]::At::Tue Aug  6 18:49:51 2019::Text::Main::Request to load module(s).
[INFO]::At::Tue Aug  6 18:49:51 2019::Text::Loader::Start to module load...
[INFO]::At::Tue Aug  6 18:49:51 2019::Text::Loader::[module_config] Read module list from .\config.txt.
[INFO]::At::Tue Aug  6 18:49:51 2019::Text::Loader::loading module result [ 1] name [module_alz      ]
[INFO]::At::Tue Aug  6 18:49:51 2019::Text::Loader::loading module result [ 1] name [module_avi      ]
[INFO]::At::Tue Aug  6 18:49:51 2019::Text::Loader::loading module result [ 1] name [module_bmp      ]
[INFO]::At::Tue Aug  6 18:49:51 2019::Text::Loader::loading module result [ 1] name [module_compound ]
[INFO]::At::Tue Aug  6 18:49:51 2019::Text::Loader::loading module result [ 1] name [module_dbx      ]
[INFO]::At::Tue Aug  6 18:49:51 2019::Text::Loader::loading module result [ 1] name [module_eml      ]
[INFO]::At::Tue Aug  6 18:49:51 2019::Text::Loader::loading module result [ 1] name [module_exif     ]
[INFO]::At::Tue Aug  6 18:49:51 2019::Text::Loader::loading module result [ 1] name [module_gif      ]
[INFO]::At::Tue Aug  6 18:49:51 2019::Text::Loader::loading module result [ 1] name [module_hwp      ]
[INFO]::At::Tue Aug  6 18:49:51 2019::Text::Loader::loading module result [ 1] name [module_jfif     ]
[INFO]::At::Tue Aug  6 18:49:51 2019::Text::Loader::loading module result [ 1] name [module_pdf      ]
[INFO]::At::Tue Aug  6 18:49:51 2019::Text::Loader::loading module result [ 1] name [module_png      ]
[INFO]::At::Tue Aug  6 18:49:51 2019::Text::Loader::loading module result [ 1] name [module_pst      ]
[INFO]::At::Tue Aug  6 18:49:51 2019::Text::Loader::loading module result [ 1] name [module_wav      ]
[INFO]::At::Tue Aug  6 18:49:51 2019::Text::Loader::loading module result [ 1] name [module_zip      ]
[INFO]::At::Tue Aug  6 18:49:51 2019::Text::Loader::loading module result [ 1] name [module_evt      ]
[INFO]::At::Tue Aug  6 18:49:51 2019::Text::Loader::loading module result [ 1] name [module_idx      ]
[INFO]::At::Tue Aug  6 18:49:51 2019::Text::Loader::loading module result [ 1] name [module_lnk      ]
[INFO]::At::Tue Aug  6 18:49:51 2019::Text::Loader::loading module result [ 1] name [module_mft      ]
[INFO]::At::Tue Aug  6 18:49:51 2019::Text::Loader::loading module result [ 1] name [module_pe       ]
[INFO]::At::Tue Aug  6 18:49:51 2019::Text::Loader::loading module result [ 1] name [module_pf       ]
[INFO]::At::Tue Aug  6 18:49:51 2019::Text::Loader::loading module result [ 1] name [module_reg      ]
[INFO]::At::Tue Aug  6 18:49:51 2019::Text::Loader::loading module result [ 1] name [module_sql      ]
[INFO]::At::Tue Aug  6 18:49:51 2019::Text::Loader::Completed.
[INFO]::At::Tue Aug  6 18:49:51 2019::Text::Main::Request to set parameters.
[INFO]::At::Tue Aug  6 18:49:51 2019::Text::Main::Request to connect to local database.
[INFO]::At::Tue Aug  6 18:49:51 2019::Text::Main::Request to connect to remote database and update local database.
[INFO]::At::Tue Aug  6 18:49:51 2019::Text::Main::Request to run carving process.
[INFO]::At::Tue Aug  6 18:50:05 2019::Text::Carving::result:{'pkzip': [93, 0], 'jfif': [10, 9], 'exif': [4, 4], 'pdf': [15, 15], 'compound': [48, 47], 'png': [13, 10], 'pst': [10, 0], 'bmp': [16, 0], 'mp3': [10, 0], 'wav': [19, 0], 'h264': [11, 0], 'MFT': [8, 7], 'aac_1': [10, 0], 'aac_2': [6, 0], 'lnk': [3, 0]}
[INFO]::At::Tue Aug  6 18:50:05 2019::Text::Main::Request to clean up.
[INFO]::At::Tue Aug  6 18:56:58 2019::Text::Main::Request to load module(s).
[INFO]::At::Tue Aug  6 18:56:58 2019::Text::Loader::Start to module load...
[INFO]::At::Tue Aug  6 18:56:58 2019::Text::Loader::[module_config] Read module list from .\config.txt.
[INFO]::At::Tue Aug  6 18:56:58 2019::Text::Loader::loading module result [ 1] name [module_alz      ]
[INFO]::At::Tue Aug  6 18:56:58 2019::Text::Loader::loading module result [ 1] name [module_avi      ]
[INFO]::At::Tue Aug  6 18:56:58 2019::Text::Loader::loading module result [ 1] name [module_bmp      ]
[INFO]::At::Tue Aug  6 18:56:58 2019::Text::Loader::loading module result [ 1] name [module_compound ]
[INFO]::At::Tue Aug  6 18:56:58 2019::Text::Loader::loading module result [ 1] name [module_dbx      ]
[INFO]::At::Tue Aug  6 18:56:58 2019::Text::Loader::loading module result [ 1] name [module_eml      ]
[INFO]::At::Tue Aug  6 18:56:58 2019::Text::Loader::loading module result [ 1] name [module_exif     ]
[INFO]::At::Tue Aug  6 18:56:58 2019::Text::Loader::loading module result [ 1] name [module_gif      ]
[INFO]::At::Tue Aug  6 18:56:58 2019::Text::Loader::loading module result [ 1] name [module_hwp      ]
[INFO]::At::Tue Aug  6 18:56:58 2019::Text::Loader::loading module result [ 1] name [module_jfif     ]
[INFO]::At::Tue Aug  6 18:56:58 2019::Text::Loader::loading module result [ 1] name [module_pdf      ]
[INFO]::At::Tue Aug  6 18:56:58 2019::Text::Loader::loading module result [ 1] name [module_png      ]
[INFO]::At::Tue Aug  6 18:56:58 2019::Text::Loader::loading module result [ 1] name [module_pst      ]
[INFO]::At::Tue Aug  6 18:56:58 2019::Text::Loader::loading module result [ 1] name [module_wav      ]
[INFO]::At::Tue Aug  6 18:56:58 2019::Text::Loader::loading module result [ 1] name [module_zip      ]
[INFO]::At::Tue Aug  6 18:56:58 2019::Text::Loader::loading module result [ 1] name [module_evt      ]
[INFO]::At::Tue Aug  6 18:56:58 2019::Text::Loader::loading module result [ 1] name [module_idx      ]
[INFO]::At::Tue Aug  6 18:56:58 2019::Text::Loader::loading module result [ 1] name [module_lnk      ]
[INFO]::At::Tue Aug  6 18:56:58 2019::Text::Loader::loading module result [ 1] name [module_mft      ]
[INFO]::At::Tue Aug  6 18:56:58 2019::Text::Loader::loading module result [ 1] name [module_pe       ]
[INFO]::At::Tue Aug  6 18:56:58 2019::Text::Loader::loading module result [ 1] name [module_pf       ]
[INFO]::At::Tue Aug  6 18:56:58 2019::Text::Loader::loading module result [ 1] name [module_reg      ]
[INFO]::At::Tue Aug  6 18:56:58 2019::Text::Loader::loading module result [ 1] name [module_sql      ]
[INFO]::At::Tue Aug  6 18:56:58 2019::Text::Loader::Completed.
[INFO]::At::Tue Aug  6 18:56:58 2019::Text::Main::Request to set parameters.
[INFO]::At::Tue Aug  6 18:56:58 2019::Text::Main::Request to connect to local database.
[INFO]::At::Tue Aug  6 18:56:58 2019::Text::Main::Request to connect to remote database and update local database.
[WARN]::At::Tue Aug  6 18:56:58 2019::Text::Database::This case is already finished Convert DB processing in carving.
[INFO]::At::Tue Aug  6 18:56:58 2019::Text::Main::Request to run carving process.
[DBG_]::At::Tue Aug  6 18:57:07 2019::Text::Carving::converting time : 9.573973417282104.
[DBG_]::At::Tue Aug  6 18:57:07 2019::Text::Extract::type:jfif name:.\result\jfif\0x1485000.jfif copied:8287 bytes details:[[21516288, 8287, 4]]
[DBG_]::At::Tue Aug  6 18:57:07 2019::Text::Extract::type:jfif name:.\result\jfif\0x14b9000.jfif copied:5103 bytes details:[[21729280, 5103, 4]]
[DBG_]::At::Tue Aug  6 18:57:07 2019::Text::Extract::type:exif name:.\result\exif\0x14c5000.exif copied:159264 bytes details:[[21778432, 159264, 4]]
[DBG_]::At::Tue Aug  6 18:57:07 2019::Text::Extract::type:pdf name:.\result\pdf\0x14ec000.pdf copied:32892 bytes details:[[21938176, 32892, 4]]
[DBG_]::At::Tue Aug  6 18:57:07 2019::Text::Extract::type:compound name:.\result\compound\0x14f5000.compound copied:1085952 bytes details:[[21975040, 1085952, 4]]
[DBG_]::At::Tue Aug  6 18:57:07 2019::Text::Extract::type:jfif name:.\result\jfif\0x1500000.jfif copied:4904 bytes details:[[22020096, 4904, 4]]
[DBG_]::At::Tue Aug  6 18:57:07 2019::Text::Extract::type:png name:.\result\png\0x1507000.png copied:6710 bytes details:[[22048768, 6710, 4]]
[DBG_]::At::Tue Aug  6 18:57:08 2019::Text::Extract::type:compound name:.\result\compound\0x1509000.compound copied:18038784 bytes details:[[22056960, 18038784, 4]]
[DBG_]::At::Tue Aug  6 18:57:08 2019::Text::Extract::type:png name:.\result\png\0x1643000.png copied:7127 bytes details:[[23343104, 7127, 4]]
[DBG_]::At::Tue Aug  6 18:57:08 2019::Text::Extract::type:jfif name:.\result\jfif\0x168d000.jfif copied:6085 bytes details:[[23646208, 6085, 4]]
[DBG_]::At::Tue Aug  6 18:57:08 2019::Text::Extract::type:compound name:.\result\compound\0x1695000.compound copied:5247488 bytes details:[[23678976, 5247488, 4]]
[DBG_]::At::Tue Aug  6 18:57:08 2019::Text::Extract::type:compound name:.\result\compound\0x16d5000.compound copied:5247488 bytes details:[[23941120, 5247488, 4]]
[DBG_]::At::Tue Aug  6 18:57:08 2019::Text::Extract::type:compound name:.\result\compound\0x16f7000.compound copied:5247488 bytes details:[[24080384, 5247488, 4]]
[DBG_]::At::Tue Aug  6 18:57:08 2019::Text::Extract::type:png name:.\result\png\0x1715000.png copied:143718 bytes details:[[24203264, 143718, 4]]
[DBG_]::At::Tue Aug  6 18:57:08 2019::Text::Extract::type:jfif name:.\result\jfif\0x1749000.jfif copied:5349 bytes details:[[24416256, 5349, 4]]
[DBG_]::At::Tue Aug  6 18:57:08 2019::Text::Extract::type:pdf name:.\result\pdf\0x17b9000.pdf copied:592134 bytes details:[[24875008, 592134, 4]]
[DBG_]::At::Tue Aug  6 18:57:08 2019::Text::Extract::type:compound name:.\result\compound\0x184f000.compound copied:1274880 bytes details:[[25489408, 1274880, 4]]
[DBG_]::At::Tue Aug  6 18:57:08 2019::Text::Extract::type:jfif name:.\result\jfif\0x18e9000.jfif copied:6081 bytes details:[[26120192, 6081, 4]]
[DBG_]::At::Tue Aug  6 18:57:08 2019::Text::Extract::type:jfif name:.\result\jfif\0x18ec000.jfif copied:80719 bytes details:[[26132480, 80719, 4]]
[DBG_]::At::Tue Aug  6 18:57:08 2019::Text::Extract::type:compound name:.\result\compound\0x19c9000.compound copied:1089024 bytes details:[[27037696, 1089024, 4]]
[DBG_]::At::Tue Aug  6 18:57:08 2019::Text::Extract::type:compound name:.\result\compound\0x19d9000.compound copied:40911872 bytes details:[[27103232, 40911872, 4]]
[DBG_]::At::Tue Aug  6 18:57:08 2019::Text::Extract::type:compound name:.\result\compound\0x1acd000.compound copied:27018240 bytes details:[[28102656, 27018240, 4]]
[DBG_]::At::Tue Aug  6 18:57:08 2019::Text::Extract::type:png name:.\result\png\0x1c2c000.png copied:74831 bytes details:[[29540352, 74831, 4]]
[DBG_]::At::Tue Aug  6 18:57:08 2019::Text::Extract::type:compound name:.\result\compound\0x1ca5000.compound copied:7468544 bytes details:[[30035968, 7468544, 4]]
[DBG_]::At::Tue Aug  6 18:57:08 2019::Text::Extract::type:pdf name:.\result\pdf\0x1e05000.pdf copied:148507 bytes details:[[31477760, 148507, 4]]
[DBG_]::At::Tue Aug  6 18:57:08 2019::Text::Extract::type:compound name:.\result\compound\0x1e2b000.compound copied:1051136 bytes details:[[31633408, 1051136, 4]]
[DBG_]::At::Tue Aug  6 18:57:08 2019::Text::Extract::type:compound name:.\result\compound\0x1e95000.compound copied:5412864 bytes details:[[32067584, 5412864, 4]]
[DBG_]::At::Tue Aug  6 18:57:08 2019::Text::Extract::type:jfif name:.\result\jfif\0x1ec9000.jfif copied:4464 bytes details:[[32280576, 4464, 4]]
[DBG_]::At::Tue Aug  6 18:57:08 2019::Text::Extract::type:compound name:.\result\compound\0x1f15000.compound copied:18101760 bytes details:[[32591872, 18101760, 4]]
[DBG_]::At::Tue Aug  6 18:57:08 2019::Text::Extract::type:png name:.\result\png\0x21a9000.png copied:197155 bytes details:[[35295232, 197155, 4]]
[DBG_]::At::Tue Aug  6 18:57:08 2019::Text::Extract::type:compound name:.\result\compound\0x2299000.compound copied:49302528 bytes details:[[36278272, 49302528, 4]]
[DBG_]::At::Tue Aug  6 18:57:08 2019::Text::Extract::type:compound name:.\result\compound\0x2371000.compound copied:38814208 bytes details:[[37163008, 38814208, 4]]
[DBG_]::At::Tue Aug  6 18:57:09 2019::Text::Extract::type:compound name:.\result\compound\0x26dd000.compound copied:18744832 bytes details:[[40751104, 18744832, 4]]
[DBG_]::At::Tue Aug  6 18:57:09 2019::Text::Extract::type:png name:.\result\png\0x2aaa000.png copied:18010 bytes details:[[44736512, 18010, 4]]
[DBG_]::At::Tue Aug  6 18:57:09 2019::Text::Extract::type:compound name:.\result\compound\0x2b39000.compound copied:18101760 bytes details:[[45322240, 18101760, 4]]
[DBG_]::At::Tue Aug  6 18:57:09 2019::Text::Extract::type:compound name:.\result\compound\0x2d15000.compound copied:18744832 bytes details:[[47271936, 18744832, 4]]
[DBG_]::At::Tue Aug  6 18:57:09 2019::Text::Extract::type:pdf name:.\result\pdf\0x34a7000.pdf copied:589 bytes details:[[55209984, 589, 4]]
[DBG_]::At::Tue Aug  6 18:57:09 2019::Text::Extract::type:pdf name:.\result\pdf\0x370e000.pdf copied:558 bytes details:[[57729024, 558, 4]]
[DBG_]::At::Tue Aug  6 18:57:09 2019::Text::Extract::type:exif name:.\result\exif\0x3f2c000.exif copied:246349 bytes details:[[66240512, 246349, 4]]
[DBG_]::At::Tue Aug  6 18:57:09 2019::Text::Extract::type:pdf name:.\result\pdf\0x3f72000.pdf copied:542 bytes details:[[66527232, 542, 4]]
[DBG_]::At::Tue Aug  6 18:57:09 2019::Text::Extract::type:png name:.\result\png\0x42cb000.png copied:22946 bytes details:[[70037504, 22946, 4]]
[DBG_]::At::Tue Aug  6 18:57:09 2019::Text::Extract::type:png name:.\result\png\0x42d7000.png copied:4007 bytes details:[[70086656, 4007, 4]]
[DBG_]::At::Tue Aug  6 18:57:09 2019::Text::Extract::type:compound name:.\result\compound\0x780b000.compound copied:1455616 bytes details:[[125874176, 1455616, 4]]
[DBG_]::At::Tue Aug  6 18:57:09 2019::Text::Extract::type:compound name:.\result\compound\0x7e1a000.compound copied:343040 bytes details:[[132227072, 343040, 4]]
[DBG_]::At::Tue Aug  6 18:57:09 2019::Text::Extract::type:pdf name:.\result\pdf\0x81e9000.pdf copied:419745 bytes details:[[136220672, 419745, 4]]
[DBG_]::At::Tue Aug  6 18:57:09 2019::Text::Extract::type:exif name:.\result\exif\0x92ed000.exif copied:6394 bytes details:[[154062848, 6394, 4]]
[DBG_]::At::Tue Aug  6 18:57:09 2019::Text::Extract::type:compound name:.\result\compound\0x9514000.compound copied:7929344 bytes details:[[156319744, 7929344, 4]]
[DBG_]::At::Tue Aug  6 18:57:09 2019::Text::Extract::type:compound name:.\result\compound\0x967c000.compound copied:1379328 bytes details:[[157794304, 1379328, 4]]
[DBG_]::At::Tue Aug  6 18:57:09 2019::Text::Extract::type:compound name:.\result\compound\0xb54d000.compound copied:7668736 bytes details:[[190107648, 7668736, 4]]
[DBG_]::At::Tue Aug  6 18:57:09 2019::Text::Extract::type:compound name:.\result\compound\0xb5d6000.compound copied:7859200 bytes details:[[190668800, 7859200, 4]]
[DBG_]::At::Tue Aug  6 18:57:09 2019::Text::Extract::type:MFT name:.\result\MFT\0xcbab000.MFT copied:4096 bytes details:[(213561344, 1024, 2), (213562368, 1024, 2), (213563392, 1024, 2), (213564416, 1024, 2)]
[DBG_]::At::Tue Aug  6 18:57:09 2019::Text::Extract::type:MFT name:.\result\MFT\0xcbac000.MFT copied:4096 bytes details:[(213565440, 1024, 2), (213566464, 1024, 2), (213567488, 1024, 2), (213568512, 1024, 2)]
[DBG_]::At::Tue Aug  6 18:57:09 2019::Text::Extract::type:MFT name:.\result\MFT\0xcbad000.MFT copied:4096 bytes details:[(213569536, 1024, 2), (213570560, 1024, 2), (213571584, 1024, 2), (213572608, 1024, 2)]
[DBG_]::At::Tue Aug  6 18:57:09 2019::Text::Extract::type:MFT name:.\result\MFT\0xcbae000.MFT copied:4096 bytes details:[(213573632, 1024, 2), (213574656, 1024, 2), (213575680, 1024, 2), (213576704, 1024, 2)]
[DBG_]::At::Tue Aug  6 18:57:09 2019::Text::Extract::type:MFT name:.\result\MFT\0xcbaf000.MFT copied:4096 bytes details:[(213577728, 1024, 2), (213578752, 1024, 2), (213579776, 1024, 2), (213580800, 1024, 2)]
[DBG_]::At::Tue Aug  6 18:57:09 2019::Text::Extract::type:MFT name:.\result\MFT\0xcbb0000.MFT copied:4096 bytes details:[(213581824, 1024, 2), (213582848, 1024, 2), (213583872, 1024, 2), (213584896, 1024, 2)]
[DBG_]::At::Tue Aug  6 18:57:09 2019::Text::Extract::type:MFT name:.\result\MFT\0xcbb1000.MFT copied:4096 bytes details:[(213585920, 1024, 2), (213586944, 1024, 2), (213587968, 1024, 2), (213588992, 1024, 2)]
[DBG_]::At::Tue Aug  6 18:57:09 2019::Text::Extract::type:compound name:.\result\compound\0x129cc000.compound copied:7799808 bytes details:[[312262656, 7799808, 4]]
[DBG_]::At::Tue Aug  6 18:57:09 2019::Text::Extract::type:pdf name:.\result\pdf\0x12ddf000.pdf copied:608020 bytes details:[[316534784, 608020, 4]]
[DBG_]::At::Tue Aug  6 18:57:09 2019::Text::Extract::type:compound name:.\result\compound\0x131e5000.compound copied:1197056 bytes details:[[320753664, 1197056, 4]]
[DBG_]::At::Tue Aug  6 18:57:09 2019::Text::Extract::type:pdf name:.\result\pdf\0x13963000.pdf copied:3126 bytes details:[[328609792, 3126, 4]]
[DBG_]::At::Tue Aug  6 18:57:09 2019::Text::Extract::type:pdf name:.\result\pdf\0x13c2c000.pdf copied:569 bytes details:[[331530240, 569, 4]]
[DBG_]::At::Tue Aug  6 18:57:09 2019::Text::Extract::type:pdf name:.\result\pdf\0x16835000.pdf copied:555 bytes details:[[377704448, 555, 4]]
[DBG_]::At::Tue Aug  6 18:57:09 2019::Text::Extract::type:compound name:.\result\compound\0x16c05000.compound copied:991232 bytes details:[[381702144, 991232, 4]]
[DBG_]::At::Tue Aug  6 18:57:09 2019::Text::Extract::type:compound name:.\result\compound\0x16cf9000.compound copied:5808640 bytes details:[[382701568, 5808640, 4]]
[DBG_]::At::Tue Aug  6 18:57:09 2019::Text::Extract::type:compound name:.\result\compound\0x16ec3000.compound copied:27018240 bytes details:[[384577536, 27018240, 4]]
[DBG_]::At::Tue Aug  6 18:57:09 2019::Text::Extract::type:compound name:.\result\compound\0x17022000.compound copied:1559040 bytes details:[[386015232, 1559040, 4]]
[DBG_]::At::Tue Aug  6 18:57:09 2019::Text::Extract::type:compound name:.\result\compound\0x17b97000.compound copied:8240128 bytes details:[[398028800, 8240128, 4]]
[DBG_]::At::Tue Aug  6 18:57:09 2019::Text::Extract::type:compound name:.\result\compound\0x18538000.compound copied:937472 bytes details:[[408125440, 937472, 4]]
[DBG_]::At::Tue Aug  6 18:57:09 2019::Text::Extract::type:jfif name:.\result\jfif\0x189f2000.jfif copied:1273376 bytes details:[[413081600, 1273376, 4]]
[DBG_]::At::Tue Aug  6 18:57:09 2019::Text::Extract::type:compound name:.\result\compound\0x18bf2000.compound copied:9827328 bytes details:[[415178752, 9827328, 4]]
[DBG_]::At::Tue Aug  6 18:57:10 2019::Text::Extract::type:compound name:.\result\compound\0x1ad56000.compound copied:27015680 bytes details:[[450191360, 27015680, 4]]
[DBG_]::At::Tue Aug  6 18:57:10 2019::Text::Extract::type:compound name:.\result\compound\0x1b395000.compound copied:8103424 bytes details:[[456740864, 8103424, 4]]
[DBG_]::At::Tue Aug  6 18:57:10 2019::Text::Extract::type:exif name:.\result\exif\0x1c402000.exif copied:36150 bytes details:[[473964544, 36150, 4]]
[DBG_]::At::Tue Aug  6 18:57:10 2019::Text::Extract::type:compound name:.\result\compound\0x1c6c1000.compound copied:8103424 bytes details:[[476844032, 8103424, 4]]
[DBG_]::At::Tue Aug  6 18:57:10 2019::Text::Extract::type:compound name:.\result\compound\0x1f532000.compound copied:1620480 bytes details:[[525541376, 1620480, 4]]
[DBG_]::At::Tue Aug  6 18:57:10 2019::Text::Extract::type:compound name:.\result\compound\0x20342000.compound copied:11928576 bytes details:[[540286976, 11928576, 4]]
[DBG_]::At::Tue Aug  6 18:57:10 2019::Text::Extract::type:compound name:.\result\compound\0x20836000.compound copied:10720768 bytes details:[[545480704, 10720768, 4]]
[DBG_]::At::Tue Aug  6 18:57:10 2019::Text::Extract::type:compound name:.\result\compound\0x20de5000.compound copied:11928576 bytes details:[[551440384, 11928576, 4]]
[DBG_]::At::Tue Aug  6 18:57:10 2019::Text::Extract::type:png name:.\result\png\0x21626000.png copied:3276473 bytes details:[[560095232, 3276473, 4]]
[DBG_]::At::Tue Aug  6 18:57:10 2019::Text::Extract::type:compound name:.\result\compound\0x21946000.compound copied:2122240 bytes details:[[563372032, 2122240, 4]]
[DBG_]::At::Tue Aug  6 18:57:10 2019::Text::Extract::type:compound name:.\result\compound\0x21d99000.compound copied:1810944 bytes details:[[567906304, 1810944, 4]]
[DBG_]::At::Tue Aug  6 18:57:11 2019::Text::Extract::type:compound name:.\result\compound\0x2200e000.compound copied:2208768 bytes details:[[570482688, 2208768, 4]]
[DBG_]::At::Tue Aug  6 18:57:11 2019::Text::Extract::type:pdf name:.\result\pdf\0x2222a000.pdf copied:3786 bytes details:[[572694528, 3786, 4]]
[DBG_]::At::Tue Aug  6 18:57:11 2019::Text::Extract::type:pdf name:.\result\pdf\0x2259f000.pdf copied:3370 bytes details:[[576319488, 3370, 4]]
[DBG_]::At::Tue Aug  6 18:57:11 2019::Text::Extract::type:pdf name:.\result\pdf\0x22873000.pdf copied:2806 bytes details:[[579284992, 2806, 4]]
[DBG_]::At::Tue Aug  6 18:57:11 2019::Text::Extract::type:pdf name:.\result\pdf\0x22a9c000.pdf copied:2558454 bytes details:[[581550080, 2558454, 4]]
[DBG_]::At::Tue Aug  6 18:57:11 2019::Text::Extract::type:compound name:.\result\compound\0x22d0d000.compound copied:10405888 bytes details:[[584110080, 10405888, 4]]
[DBG_]::At::Tue Aug  6 18:57:11 2019::Text::Extract::type:compound name:.\result\compound\0x230c0000.compound copied:10405888 bytes details:[[587988992, 10405888, 4]]
[DBG_]::At::Tue Aug  6 18:57:11 2019::Text::Extract::type:compound name:.\result\compound\0x23614000.compound copied:2396160 bytes details:[[593575936, 2396160, 4]]
[DBG_]::At::Tue Aug  6 18:57:11 2019::Text::Extract::type:compound name:.\result\compound\0x24848000.compound copied:2443776 bytes details:[[612663296, 2443776, 4]]
[DBG_]::At::Tue Aug  6 18:57:11 2019::Text::Extract::type:png name:.\result\png\0x25bcb000.png copied:2996441 bytes details:[[633122816, 2996441, 4]]
[DBG_]::At::Tue Aug  6 18:57:11 2019::Text::Carving::carving time : 3.402061700820923.
[INFO]::At::Tue Aug  6 18:57:11 2019::Text::Carving::result:{'pkzip': [93, 0], 'jfif': [10, 9], 'exif': [4, 4], 'pdf': [15, 15], 'compound': [48, 47], 'png': [13, 10], 'pst': [10, 0], 'bmp': [16, 0], 'mp3': [10, 0], 'wav': [19, 0], 'h264': [11, 0], 'MFT': [8, 7], 'aac_1': [10, 0], 'aac_2': [6, 0], 'lnk': [3, 0]}
[INFO]::At::Tue Aug  6 18:57:11 2019::Text::Main::Request to clean up.
