[INFO]::At::Mon Sep 14 14:37:56 2020::Text::Main::Initiate carving plugin log.
[INFO]::At::Mon Sep 14 14:37:56 2020::Text::Main::Request to load actuator cc's module(s).
[INFO]::At::Mon Sep 14 14:37:56 2020::Text::Loader::Start to module load...
[INFO]::At::Mon Sep 14 14:37:56 2020::Text::Loader::[module_config] Read module list from E:\IITP\Code\FICA\FiCALight\config.txt.
[INFO]::At::Mon Sep 14 14:37:56 2020::Text::Loader::loading module _result [ 1] name [module_7z       ]
[INFO]::At::Mon Sep 14 14:37:56 2020::Text::Loader::loading module _result [ 1] name [module_alz      ]
[INFO]::At::Mon Sep 14 14:37:56 2020::Text::Loader::loading module _result [ 1] name [module_rar      ]
[INFO]::At::Mon Sep 14 14:37:56 2020::Text::Loader::loading module _result [ 1] name [module_zip      ]
[INFO]::At::Mon Sep 14 14:37:56 2020::Text::Loader::loading module _result [ 0] name [module_egg      ]
[WARN]::At::Mon Sep 14 14:37:56 2020::Text::Loader::[module_egg      ] module is not loaded.
[INFO]::At::Mon Sep 14 14:37:56 2020::Text::Loader::loading module _result [ 1] name [module_bmp      ]
[INFO]::At::Mon Sep 14 14:37:56 2020::Text::Loader::loading module _result [ 1] name [module_exif     ]
[INFO]::At::Mon Sep 14 14:37:56 2020::Text::Loader::loading module _result [ 1] name [module_gif      ]
[INFO]::At::Mon Sep 14 14:37:56 2020::Text::Loader::loading module _result [ 1] name [module_jfif     ]
[INFO]::At::Mon Sep 14 14:37:56 2020::Text::Loader::loading module _result [ 1] name [module_png      ]
[INFO]::At::Mon Sep 14 14:37:56 2020::Text::Loader::loading module _result [ 1] name [module_compound ]
[INFO]::At::Mon Sep 14 14:37:56 2020::Text::Loader::loading module _result [ 1] name [module_pdf      ]
[INFO]::At::Mon Sep 14 14:37:56 2020::Text::Loader::loading module _result [ 1] name [module_isobmff  ]
[INFO]::At::Mon Sep 14 14:37:56 2020::Text::Loader::loading module _result [ 1] name [module_mp3      ]
[INFO]::At::Mon Sep 14 14:37:56 2020::Text::Loader::loading module _result [ 1] name [module_riff     ]
[INFO]::At::Mon Sep 14 14:37:56 2020::Text::Loader::loading module _result [ 1] name [module_pf       ]
[INFO]::At::Mon Sep 14 14:37:56 2020::Text::Loader::loading module _result [ 1] name [module_lnk      ]
[INFO]::At::Mon Sep 14 14:37:56 2020::Text::Loader::loading module _result [ 1] name [module_reg      ]
[INFO]::At::Mon Sep 14 14:37:56 2020::Text::Loader::loading module _result [ 1] name [module_mft      ]
[INFO]::At::Mon Sep 14 14:37:56 2020::Text::Loader::loading module _result [ 1] name [module_evt      ]
[INFO]::At::Mon Sep 14 14:37:56 2020::Text::Loader::Completed.
[INFO]::At::Mon Sep 14 14:37:56 2020::Text::Main::The old case is closed and a new case is now created.
[INFO]::At::Mon Sep 14 14:37:56 2020::Text::Main::Request to run carving process.
[INFO]::At::Mon Sep 14 14:37:56 2020::Text::Carving::Scanning signatures...
[INFO]::At::Mon Sep 14 14:44:40 2020::Text::Main::Request to load actuator cc's module(s).
[INFO]::At::Mon Sep 14 14:44:40 2020::Text::Loader::Start to module load...
[INFO]::At::Mon Sep 14 14:44:40 2020::Text::Loader::[module_config] Read module list from E:\IITP\Code\FICA\FiCALight\config.txt.
[INFO]::At::Mon Sep 14 14:44:40 2020::Text::Loader::loading module _result [ 1] name [module_7z       ]
[INFO]::At::Mon Sep 14 14:44:40 2020::Text::Loader::loading module _result [ 1] name [module_alz      ]
[INFO]::At::Mon Sep 14 14:44:40 2020::Text::Loader::loading module _result [ 1] name [module_rar      ]
[INFO]::At::Mon Sep 14 14:44:40 2020::Text::Loader::loading module _result [ 1] name [module_zip      ]
[INFO]::At::Mon Sep 14 14:44:40 2020::Text::Loader::loading module _result [ 0] name [module_egg      ]
[WARN]::At::Mon Sep 14 14:44:40 2020::Text::Loader::[module_egg      ] module is not loaded.
[INFO]::At::Mon Sep 14 14:44:40 2020::Text::Loader::loading module _result [ 1] name [module_bmp      ]
[INFO]::At::Mon Sep 14 14:44:40 2020::Text::Loader::loading module _result [ 1] name [module_exif     ]
[INFO]::At::Mon Sep 14 14:44:40 2020::Text::Loader::loading module _result [ 1] name [module_gif      ]
[INFO]::At::Mon Sep 14 14:44:40 2020::Text::Loader::loading module _result [ 1] name [module_jfif     ]
[INFO]::At::Mon Sep 14 14:44:40 2020::Text::Loader::loading module _result [ 1] name [module_png      ]
[INFO]::At::Mon Sep 14 14:44:40 2020::Text::Loader::loading module _result [ 1] name [module_compound ]
[INFO]::At::Mon Sep 14 14:44:40 2020::Text::Loader::loading module _result [ 1] name [module_pdf      ]
[INFO]::At::Mon Sep 14 14:44:40 2020::Text::Loader::loading module _result [ 1] name [module_isobmff  ]
[INFO]::At::Mon Sep 14 14:44:40 2020::Text::Loader::loading module _result [ 1] name [module_mp3      ]
[INFO]::At::Mon Sep 14 14:44:40 2020::Text::Loader::loading module _result [ 1] name [module_riff     ]
[INFO]::At::Mon Sep 14 14:44:40 2020::Text::Loader::loading module _result [ 1] name [module_pf       ]
[INFO]::At::Mon Sep 14 14:44:40 2020::Text::Loader::loading module _result [ 1] name [module_lnk      ]
[INFO]::At::Mon Sep 14 14:44:40 2020::Text::Loader::loading module _result [ 1] name [module_reg      ]
[INFO]::At::Mon Sep 14 14:44:40 2020::Text::Loader::loading module _result [ 1] name [module_mft      ]
[INFO]::At::Mon Sep 14 14:44:40 2020::Text::Loader::loading module _result [ 1] name [module_evt      ]
[INFO]::At::Mon Sep 14 14:44:40 2020::Text::Loader::Completed.
[INFO]::At::Mon Sep 14 14:44:40 2020::Text::Main::The old case is closed and a new case is now created.
[INFO]::At::Mon Sep 14 14:44:40 2020::Text::Main::Request to run carving process.
[INFO]::At::Mon Sep 14 14:44:40 2020::Text::Carving::Scanning signatures...
[INFO]::At::Mon Sep 14 14:53:33 2020::Text::Carving::Scanning processing time:533.5879943370819.
[INFO]::At::Mon Sep 14 15:00:45 2020::Text::Carving::Carving processing time:431.49005818367004.
[INFO]::At::Mon Sep 14 15:00:45 2020::Text::Carving::Result:{'MFT': [72320, 0], 'idx': [40226, 0], 'compound': [1334, 1226], 'xml': [14156, 0], 'pf': [365, 0], 'png': [14790, 14443], 'gif': [501, 406], 'gzip': [453, 0], 'lnk': [567, 0], 'evt': [102, 102], 'h264': [1139, 0], 'zip': [466, 338], 'exif': [163, 126], 'html': [61, 0], 'jfif': [587, 568], 'bmp': [331, 257], 'riff': [219, 179], 'pdf': [55, 31], 'wmv': [21, 0], 'isobmff': [63, 63], 'tif': [3, 0], 'pcx': [36, 0], 'mp3': [9, 5], '7z': [1, 1]}
[INFO]::At::Mon Sep 14 15:00:51 2020::Text::Carving::Taping is completed:6.645185470581055.
[INFO]::At::Mon Sep 14 15:00:51 2020::Text::Carving::Exporting report files...
[INFO]::At::Mon Sep 14 15:00:51 2020::Text::Main::The current case is closed.
[INFO]::At::Thu Oct 15 15:14:59 2020::Text::Main::Request to load actuator cc's module(s).
[INFO]::At::Thu Oct 15 15:14:59 2020::Text::Loader::Start to module load...
[INFO]::At::Thu Oct 15 15:14:59 2020::Text::Loader::[module_config] Read module list from C:\Users\iyj\Desktop\CARPE\20200423\modules\FICA\FiCALight\config.txt.
[INFO]::At::Thu Oct 15 15:14:59 2020::Text::Loader::loading module _result [ 1] name [module_7z       ]
[INFO]::At::Thu Oct 15 15:14:59 2020::Text::Loader::loading module _result [ 1] name [module_alz      ]
[INFO]::At::Thu Oct 15 15:14:59 2020::Text::Loader::loading module _result [ 1] name [module_rar      ]
[INFO]::At::Thu Oct 15 15:14:59 2020::Text::Loader::loading module _result [ 1] name [module_zip      ]
[INFO]::At::Thu Oct 15 15:14:59 2020::Text::Loader::loading module _result [ 0] name [module_egg      ]
[WARN]::At::Thu Oct 15 15:14:59 2020::Text::Loader::[module_egg      ] module is not loaded.
[INFO]::At::Thu Oct 15 15:14:59 2020::Text::Loader::loading module _result [ 1] name [module_bmp      ]
[INFO]::At::Thu Oct 15 15:14:59 2020::Text::Loader::loading module _result [ 1] name [module_exif     ]
[INFO]::At::Thu Oct 15 15:14:59 2020::Text::Loader::loading module _result [ 1] name [module_gif      ]
[INFO]::At::Thu Oct 15 15:14:59 2020::Text::Loader::loading module _result [ 1] name [module_jfif     ]
[INFO]::At::Thu Oct 15 15:14:59 2020::Text::Loader::loading module _result [ 1] name [module_png      ]
[INFO]::At::Thu Oct 15 15:14:59 2020::Text::Loader::loading module _result [ 1] name [module_compound ]
[INFO]::At::Thu Oct 15 15:14:59 2020::Text::Loader::loading module _result [ 1] name [module_pdf      ]
[INFO]::At::Thu Oct 15 15:14:59 2020::Text::Loader::loading module _result [ 1] name [module_isobmff  ]
[INFO]::At::Thu Oct 15 15:14:59 2020::Text::Loader::loading module _result [ 1] name [module_mp3      ]
[INFO]::At::Thu Oct 15 15:14:59 2020::Text::Loader::loading module _result [ 1] name [module_riff     ]
[INFO]::At::Thu Oct 15 15:14:59 2020::Text::Loader::loading module _result [ 1] name [module_pf       ]
[INFO]::At::Thu Oct 15 15:14:59 2020::Text::Loader::loading module _result [ 1] name [module_lnk      ]
[INFO]::At::Thu Oct 15 15:14:59 2020::Text::Loader::loading module _result [ 1] name [module_reg      ]
[INFO]::At::Thu Oct 15 15:14:59 2020::Text::Loader::loading module _result [ 1] name [module_mft      ]
[INFO]::At::Thu Oct 15 15:14:59 2020::Text::Loader::loading module _result [ 1] name [module_evt      ]
[INFO]::At::Thu Oct 15 15:14:59 2020::Text::Loader::Completed.
[INFO]::At::Thu Oct 15 15:14:59 2020::Text::Main::The old case is closed and a new case is now created.
[INFO]::At::Thu Oct 15 15:14:59 2020::Text::Main::Request to run carving process.
[INFO]::At::Thu Oct 15 15:14:59 2020::Text::Carving::Scanning signatures...
[INFO]::At::Thu Oct 15 15:33:37 2020::Text::Main::Request to load actuator cc's module(s).
[INFO]::At::Thu Oct 15 15:33:37 2020::Text::Loader::Start to module load...
[INFO]::At::Thu Oct 15 15:33:37 2020::Text::Loader::[module_config] Read module list from C:\Users\iyj\Desktop\CARPE\20200423\modules\FICA\FiCALight\config.txt.
[INFO]::At::Thu Oct 15 15:33:37 2020::Text::Loader::loading module _result [ 1] name [module_7z       ]
[INFO]::At::Thu Oct 15 15:33:37 2020::Text::Loader::loading module _result [ 1] name [module_alz      ]
[INFO]::At::Thu Oct 15 15:33:37 2020::Text::Loader::loading module _result [ 1] name [module_rar      ]
[INFO]::At::Thu Oct 15 15:33:37 2020::Text::Loader::loading module _result [ 1] name [module_zip      ]
[INFO]::At::Thu Oct 15 15:33:37 2020::Text::Loader::loading module _result [ 0] name [module_egg      ]
[WARN]::At::Thu Oct 15 15:33:37 2020::Text::Loader::[module_egg      ] module is not loaded.
[INFO]::At::Thu Oct 15 15:33:37 2020::Text::Loader::loading module _result [ 1] name [module_bmp      ]
[INFO]::At::Thu Oct 15 15:33:37 2020::Text::Loader::loading module _result [ 1] name [module_exif     ]
[INFO]::At::Thu Oct 15 15:33:37 2020::Text::Loader::loading module _result [ 1] name [module_gif      ]
[INFO]::At::Thu Oct 15 15:33:37 2020::Text::Loader::loading module _result [ 1] name [module_jfif     ]
[INFO]::At::Thu Oct 15 15:33:37 2020::Text::Loader::loading module _result [ 1] name [module_png      ]
[INFO]::At::Thu Oct 15 15:33:37 2020::Text::Loader::loading module _result [ 1] name [module_compound ]
[INFO]::At::Thu Oct 15 15:33:37 2020::Text::Loader::loading module _result [ 1] name [module_pdf      ]
[INFO]::At::Thu Oct 15 15:33:37 2020::Text::Loader::loading module _result [ 1] name [module_isobmff  ]
[INFO]::At::Thu Oct 15 15:33:37 2020::Text::Loader::loading module _result [ 1] name [module_mp3      ]
[INFO]::At::Thu Oct 15 15:33:37 2020::Text::Loader::loading module _result [ 1] name [module_riff     ]
[INFO]::At::Thu Oct 15 15:33:37 2020::Text::Loader::loading module _result [ 1] name [module_pf       ]
[INFO]::At::Thu Oct 15 15:33:37 2020::Text::Loader::loading module _result [ 1] name [module_lnk      ]
[INFO]::At::Thu Oct 15 15:33:37 2020::Text::Loader::loading module _result [ 1] name [module_reg      ]
[INFO]::At::Thu Oct 15 15:33:37 2020::Text::Loader::loading module _result [ 1] name [module_mft      ]
[INFO]::At::Thu Oct 15 15:33:37 2020::Text::Loader::loading module _result [ 1] name [module_evt      ]
[INFO]::At::Thu Oct 15 15:33:37 2020::Text::Loader::Completed.
[INFO]::At::Thu Oct 15 15:33:37 2020::Text::Main::The old case is closed and a new case is now created.
[INFO]::At::Thu Oct 15 15:33:37 2020::Text::Main::Request to run carving process.
[INFO]::At::Thu Oct 15 15:33:38 2020::Text::Carving::Scanning signatures...
[INFO]::At::Thu Oct 15 15:40:58 2020::Text::Carving::Scanning processing time:440.0557291507721.
